<?xml version="1.0" encoding="UTF-8"?>
<!-- Generated by org.testng.reporters.JUnitXMLReporter -->
<testsuite ignored="0" hostname="DESKTOP-37D3N26" failures="0" tests="4" name="Default test" time="25.953" errors="0" timestamp="2023-10-31T12:43:44 IST">
  <testcase classname="api.test.UserTest" name="testPostUser" time="19.664"/>
  <testcase classname="api.test.UserTest" name="testGetUserByName" time="1.359"/>
  <testcase classname="api.test.UserTest" name="testUpdateUserByName" time="3.016"/>
  <testcase classname="api.test.UserTest" name="testDeleteUser" time="1.335"/>
</testsuite> <!-- Default test -->
