<?xml version="1.0" encoding="UTF-8"?>
<testng-results ignored="0" total="4" passed="4" failed="0" skipped="0">
  <reporter-output>
  </reporter-output>
  <suite started-at="2023-11-06T16:27:34 IST" name="PetSuite" finished-at="2023-11-06T16:27:45 IST" duration-ms="11525">
    <groups>
    </groups>
    <test started-at="2023-11-06T16:27:34 IST" name="PetTest" finished-at="2023-11-06T16:27:45 IST" duration-ms="11525">
      <class name="api.test.UserTest2">
        <test-method is-config="true" signature="setUpData()[pri:0, instance:api.test.UserTest2@6c80d78a]" started-at="2023-11-06T16:27:34 IST" name="setUpData" finished-at="2023-11-06T16:27:34 IST" duration-ms="413" status="PASS">
          <reporter-output>
          </reporter-output>
        </test-method> <!-- setUpData -->
        <test-method signature="testPostUser()[pri:1, instance:api.test.UserTest2@6c80d78a]" started-at="2023-11-06T16:27:34 IST" name="testPostUser" finished-at="2023-11-06T16:27:40 IST" duration-ms="5410" status="PASS">
          <reporter-output>
          </reporter-output>
        </test-method> <!-- testPostUser -->
        <test-method signature="testGetUserByName()[pri:2, instance:api.test.UserTest2@6c80d78a]" started-at="2023-11-06T16:27:40 IST" name="testGetUserByName" finished-at="2023-11-06T16:27:41 IST" duration-ms="1441" status="PASS">
          <reporter-output>
          </reporter-output>
        </test-method> <!-- testGetUserByName -->
        <test-method signature="testUpdateUserByName()[pri:3, instance:api.test.UserTest2@6c80d78a]" started-at="2023-11-06T16:27:41 IST" name="testUpdateUserByName" finished-at="2023-11-06T16:27:44 IST" duration-ms="2785" status="PASS">
          <reporter-output>
          </reporter-output>
        </test-method> <!-- testUpdateUserByName -->
        <test-method signature="testDeleteUser()[pri:4, instance:api.test.UserTest2@6c80d78a]" started-at="2023-11-06T16:27:44 IST" name="testDeleteUser" finished-at="2023-11-06T16:27:45 IST" duration-ms="1389" status="PASS">
          <reporter-output>
          </reporter-output>
        </test-method> <!-- testDeleteUser -->
      </class> <!-- api.test.UserTest2 -->
    </test> <!-- PetTest -->
  </suite> <!-- PetSuite -->
</testng-results>
